[0417/124944:ERROR:texture_manager.cc(1995)] [GroupMarkerNotSet(crbug.com/242999)!:48DD8B0E00000000]GL ERROR :GL_INVALID_ENUM : glTexImage2D: <- error from previous GL command
[0418/104756:ERROR:texture_manager.cc(1995)] [GroupMarkerNotSet(crbug.com/242999)!:08D7FC0A00000000]GL ERROR :GL_INVALID_ENUM : glTexImage2D: <- error from previous GL command
[0418/105412:ERROR:texture_manager.cc(1995)] [GroupMarkerNotSet(crbug.com/242999)!:E85A4C0400000000]GL ERROR :GL_INVALID_ENUM : glTexImage2D: <- error from previous GL command
[0419/165952:ERROR:texture_manager.cc(1995)] [GroupMarkerNotSet(crbug.com/242999)!:4836760A00000000]GL ERROR :GL_INVALID_ENUM : glTexImage2D: <- error from previous GL command
[0419/165959:ERROR:texture_manager.cc(1995)] [GroupMarkerNotSet(crbug.com/242999)!:A8A07E0F00000000]GL ERROR :GL_INVALID_ENUM : glTexImage2D: <- error from previous GL command
[0421/112457:ERROR:texture_manager.cc(1995)] [GroupMarkerNotSet(crbug.com/242999)!:8888BF0A00000000]GL ERROR :GL_INVALID_ENUM : glTexImage2D: <- error from previous GL command
[0421/112502:ERROR:texture_manager.cc(1995)] [GroupMarkerNotSet(crbug.com/242999)!:E8B6EF0C00000000]GL ERROR :GL_INVALID_ENUM : glTexImage2D: <- error from previous GL command
[0421/130044:ERROR:texture_manager.cc(1995)] [GroupMarkerNotSet(crbug.com/242999)!:782ABF0A00000000]GL ERROR :GL_INVALID_ENUM : glTexImage2D: <- error from previous GL command
[0421/130049:ERROR:texture_manager.cc(1995)] [GroupMarkerNotSet(crbug.com/242999)!:C86D591000000000]GL ERROR :GL_INVALID_ENUM : glTexImage2D: <- error from previous GL command
[0421/130116:ERROR:texture_manager.cc(1995)] [GroupMarkerNotSet(crbug.com/242999)!:08C6FC0A00000000]GL ERROR :GL_INVALID_ENUM : glTexImage2D: <- error from previous GL command
[0421/130118:ERROR:texture_manager.cc(1995)] [GroupMarkerNotSet(crbug.com/242999)!:48D83B0B00000000]GL ERROR :GL_INVALID_ENUM : glTexImage2D: <- error from previous GL command
[0421/130348:ERROR:texture_manager.cc(1995)] [GroupMarkerNotSet(crbug.com/242999)!:B89ADC0900000000]GL ERROR :GL_INVALID_ENUM : glTexImage2D: <- error from previous GL command
[0421/130357:ERROR:texture_manager.cc(1995)] [GroupMarkerNotSet(crbug.com/242999)!:28CC980F00000000]GL ERROR :GL_INVALID_ENUM : glTexImage2D: <- error from previous GL command
[0421/134041:ERROR:texture_manager.cc(1995)] [GroupMarkerNotSet(crbug.com/242999)!:88ED230B00000000]GL ERROR :GL_INVALID_ENUM : glTexImage2D: <- error from previous GL command
[0421/134056:ERROR:texture_manager.cc(1995)] [GroupMarkerNotSet(crbug.com/242999)!:E803630900000000]GL ERROR :GL_INVALID_ENUM : glTexImage2D: <- error from previous GL command
[0421/134113:ERROR:texture_manager.cc(1995)] [GroupMarkerNotSet(crbug.com/242999)!:E82CF70F00000000]GL ERROR :GL_INVALID_ENUM : glTexImage2D: <- error from previous GL command
[0424/110736:ERROR:texture_manager.cc(1995)] [GroupMarkerNotSet(crbug.com/242999)!:283A500900000000]GL ERROR :GL_INVALID_ENUM : glTexImage2D: <- error from previous GL command
[0425/170259:ERROR:texture_manager.cc(1995)] [GroupMarkerNotSet(crbug.com/242999)!:F82B370800000000]GL ERROR :GL_INVALID_ENUM : glTexImage2D: <- error from previous GL command
[0425/170313:ERROR:texture_manager.cc(1995)] [GroupMarkerNotSet(crbug.com/242999)!:E82BF90F00000000]GL ERROR :GL_INVALID_ENUM : glTexImage2D: <- error from previous GL command
[0427/145032:ERROR:texture_manager.cc(1995)] [GroupMarkerNotSet(crbug.com/242999)!:C8D4530900000000]GL ERROR :GL_INVALID_ENUM : glTexImage2D: <- error from previous GL command
[0428/130731:ERROR:texture_manager.cc(1995)] [GroupMarkerNotSet(crbug.com/242999)!:78E7010A00000000]GL ERROR :GL_INVALID_ENUM : glTexImage2D: <- error from previous GL command
[0428/130736:ERROR:texture_manager.cc(1995)] [GroupMarkerNotSet(crbug.com/242999)!:F8E76D1000000000]GL ERROR :GL_INVALID_ENUM : glTexImage2D: <- error from previous GL command
[0429/130914:ERROR:texture_manager.cc(1995)] [GroupMarkerNotSet(crbug.com/242999)!:C8E1FD0A00000000]GL ERROR :GL_INVALID_ENUM : glTexImage2D: <- error from previous GL command
[0429/130920:ERROR:texture_manager.cc(1995)] [GroupMarkerNotSet(crbug.com/242999)!:D899290D00000000]GL ERROR :GL_INVALID_ENUM : glTexImage2D: <- error from previous GL command
[0429/155551:ERROR:texture_manager.cc(1995)] [GroupMarkerNotSet(crbug.com/242999)!:A8C5CE0900000000]GL ERROR :GL_INVALID_ENUM : glTexImage2D: <- error from previous GL command
[0429/155554:ERROR:texture_manager.cc(1995)] [GroupMarkerNotSet(crbug.com/242999)!:08662B0D00000000]GL ERROR :GL_INVALID_ENUM : glTexImage2D: <- error from previous GL command
[0430/124120:ERROR:texture_manager.cc(1995)] [GroupMarkerNotSet(crbug.com/242999)!:3818C80A00000000]GL ERROR :GL_INVALID_ENUM : glTexImage2D: <- error from previous GL command
[0430/124124:ERROR:texture_manager.cc(1995)] [GroupMarkerNotSet(crbug.com/242999)!:88D2E70C00000000]GL ERROR :GL_INVALID_ENUM : glTexImage2D: <- error from previous GL command
[0430/132853:ERROR:texture_manager.cc(1995)] [GroupMarkerNotSet(crbug.com/242999)!:88A5A70A00000000]GL ERROR :GL_INVALID_ENUM : glTexImage2D: <- error from previous GL command
[0430/132856:ERROR:texture_manager.cc(1995)] [GroupMarkerNotSet(crbug.com/242999)!:8887651000000000]GL ERROR :GL_INVALID_ENUM : glTexImage2D: <- error from previous GL command
[0506/115150:ERROR:texture_manager.cc(1995)] [GroupMarkerNotSet(crbug.com/242999)!:2851BC0A00000000]GL ERROR :GL_INVALID_ENUM : glTexImage2D: <- error from previous GL command
[0506/115154:ERROR:texture_manager.cc(1995)] [GroupMarkerNotSet(crbug.com/242999)!:C892530F00000000]GL ERROR :GL_INVALID_ENUM : glTexImage2D: <- error from previous GL command
[0506/140650:ERROR:texture_manager.cc(1995)] [GroupMarkerNotSet(crbug.com/242999)!:783C100A00000000]GL ERROR :GL_INVALID_ENUM : glTexImage2D: <- error from previous GL command
[0506/140712:ERROR:texture_manager.cc(1995)] [GroupMarkerNotSet(crbug.com/242999)!:88FE470A00000000]GL ERROR :GL_INVALID_ENUM : glTexImage2D: <- error from previous GL command
[0509/180402:ERROR:texture_manager.cc(1995)] [GroupMarkerNotSet(crbug.com/242999)!:88A07D0900000000]GL ERROR :GL_INVALID_ENUM : glTexImage2D: <- error from previous GL command
[0509/180415:ERROR:texture_manager.cc(1995)] [GroupMarkerNotSet(crbug.com/242999)!:78A0611000000000]GL ERROR :GL_INVALID_ENUM : glTexImage2D: <- error from previous GL command
[0509/185831:ERROR:texture_manager.cc(1995)] [GroupMarkerNotSet(crbug.com/242999)!:6803F10A00000000]GL ERROR :GL_INVALID_ENUM : glTexImage2D: <- error from previous GL command
[0509/185833:ERROR:texture_manager.cc(1995)] [GroupMarkerNotSet(crbug.com/242999)!:1850110F00000000]GL ERROR :GL_INVALID_ENUM : glTexImage2D: <- error from previous GL command
[0509/203158:ERROR:texture_manager.cc(1995)] [GroupMarkerNotSet(crbug.com/242999)!:680EB60900000000]GL ERROR :GL_INVALID_ENUM : glTexImage2D: <- error from previous GL command
[0509/203200:ERROR:texture_manager.cc(1995)] [GroupMarkerNotSet(crbug.com/242999)!:980BAE0F00000000]GL ERROR :GL_INVALID_ENUM : glTexImage2D: <- error from previous GL command
[0513/204753:ERROR:texture_manager.cc(1995)] [GroupMarkerNotSet(crbug.com/242999)!:7833F20900000000]GL ERROR :GL_INVALID_ENUM : glTexImage2D: <- error from previous GL command
[0513/204755:ERROR:texture_manager.cc(1995)] [GroupMarkerNotSet(crbug.com/242999)!:288D000F00000000]GL ERROR :GL_INVALID_ENUM : glTexImage2D: <- error from previous GL command
[0515/122905:ERROR:texture_manager.cc(1995)] [GroupMarkerNotSet(crbug.com/242999)!:88A90E0B00000000]GL ERROR :GL_INVALID_ENUM : glTexImage2D: <- error from previous GL command
[0515/122909:ERROR:texture_manager.cc(1995)] [GroupMarkerNotSet(crbug.com/242999)!:6864730F00000000]GL ERROR :GL_INVALID_ENUM : glTexImage2D: <- error from previous GL command
[0517/190410:ERROR:texture_manager.cc(1995)] [GroupMarkerNotSet(crbug.com/242999)!:C811D30A00000000]GL ERROR :GL_INVALID_ENUM : glTexImage2D: <- error from previous GL command
[0517/190412:ERROR:texture_manager.cc(1995)] [GroupMarkerNotSet(crbug.com/242999)!:C8641A0F00000000]GL ERROR :GL_INVALID_ENUM : glTexImage2D: <- error from previous GL command
[0523/184316:ERROR:texture_manager.cc(1995)] [GroupMarkerNotSet(crbug.com/242999)!:8830000B00000000]GL ERROR :GL_INVALID_ENUM : glTexImage2D: <- error from previous GL command
[0523/184328:ERROR:texture_manager.cc(1995)] [GroupMarkerNotSet(crbug.com/242999)!:D8F3570F00000000]GL ERROR :GL_INVALID_ENUM : glTexImage2D: <- error from previous GL command
[0523/191517:ERROR:texture_manager.cc(1995)] [GroupMarkerNotSet(crbug.com/242999)!:8851D00A00000000]GL ERROR :GL_INVALID_ENUM : glTexImage2D: <- error from previous GL command
[0523/191519:ERROR:texture_manager.cc(1995)] [GroupMarkerNotSet(crbug.com/242999)!:38F41C0F00000000]GL ERROR :GL_INVALID_ENUM : glTexImage2D: <- error from previous GL command
[0524/154250:ERROR:texture_manager.cc(1995)] [GroupMarkerNotSet(crbug.com/242999)!:48BF990900000000]GL ERROR :GL_INVALID_ENUM : glTexImage2D: <- error from previous GL command
