[0421/185844:ERROR:texture_manager.cc(1995)] [GroupMarkerNotSet(crbug.com/242999)!:786E8B0900000000]GL ERROR :GL_INVALID_ENUM : glTexImage2D: <- error from previous GL command
[0421/185852:ERROR:texture_manager.cc(1995)] [GroupMarkerNotSet(crbug.com/242999)!:C8B1460F00000000]GL ERROR :GL_INVALID_ENUM : glTexImage2D: <- error from previous GL command
[0423/202900:ERROR:texture_manager.cc(1995)] [GroupMarkerNotSet(crbug.com/242999)!:B8D0E60A00000000]GL ERROR :GL_INVALID_ENUM : glTexImage2D: <- error from previous GL command
[0423/202914:ERROR:texture_manager.cc(1995)] [GroupMarkerNotSet(crbug.com/242999)!:C8E95A0D00000000]GL ERROR :GL_INVALID_ENUM : glTexImage2D: <- error from previous GL command
[0423/211409:ERROR:texture_manager.cc(1995)] [GroupMarkerNotSet(crbug.com/242999)!:18F0D80A00000000]GL ERROR :GL_INVALID_ENUM : glTexImage2D: <- error from previous GL command
[0423/211412:ERROR:texture_manager.cc(1995)] [GroupMarkerNotSet(crbug.com/242999)!:0890870B00000000]GL ERROR :GL_INVALID_ENUM : glTexImage2D: <- error from previous GL command
[0424/105806:ERROR:texture_manager.cc(1995)] [GroupMarkerNotSet(crbug.com/242999)!:08AB450900000000]GL ERROR :GL_INVALID_ENUM : glTexImage2D: <- error from previous GL command
[0427/141259:ERROR:texture_manager.cc(1995)] [GroupMarkerNotSet(crbug.com/242999)!:38ABE70800000000]GL ERROR :GL_INVALID_ENUM : glTexImage2D: <- error from previous GL command
[0428/111204:ERROR:texture_manager.cc(1995)] [GroupMarkerNotSet(crbug.com/242999)!:68A2FC0A00000000]GL ERROR :GL_INVALID_ENUM : glTexImage2D: <- error from previous GL command
[0428/111208:ERROR:texture_manager.cc(1995)] [GroupMarkerNotSet(crbug.com/242999)!:68761F0D00000000]GL ERROR :GL_INVALID_ENUM : glTexImage2D: <- error from previous GL command
[0430/133104:ERROR:texture_manager.cc(1995)] [GroupMarkerNotSet(crbug.com/242999)!:68B3740900000000]GL ERROR :GL_INVALID_ENUM : glTexImage2D: <- error from previous GL command
[0430/133105:ERROR:texture_manager.cc(1995)] [GroupMarkerNotSet(crbug.com/242999)!:482E0D0D00000000]GL ERROR :GL_INVALID_ENUM : glTexImage2D: <- error from previous GL command
[0506/115259:ERROR:texture_manager.cc(1995)] [GroupMarkerNotSet(crbug.com/242999)!:08FE1C0A00000000]GL ERROR :GL_INVALID_ENUM : glTexImage2D: <- error from previous GL command
[0506/115302:ERROR:texture_manager.cc(1995)] [GroupMarkerNotSet(crbug.com/242999)!:3803EB0F00000000]GL ERROR :GL_INVALID_ENUM : glTexImage2D: <- error from previous GL command
[0513/182622:ERROR:texture_manager.cc(1995)] [GroupMarkerNotSet(crbug.com/242999)!:38F6D80A00000000]GL ERROR :GL_INVALID_ENUM : glTexImage2D: <- error from previous GL command
[0513/182624:ERROR:texture_manager.cc(1995)] [GroupMarkerNotSet(crbug.com/242999)!:48E6230D00000000]GL ERROR :GL_INVALID_ENUM : glTexImage2D: <- error from previous GL command
[0518/134427:ERROR:texture_manager.cc(1995)] [GroupMarkerNotSet(crbug.com/242999)!:7869190900000000]GL ERROR :GL_INVALID_ENUM : glTexImage2D: <- error from previous GL command
[0524/120015:ERROR:texture_manager.cc(1995)] [GroupMarkerNotSet(crbug.com/242999)!:8825010B00000000]GL ERROR :GL_INVALID_ENUM : glTexImage2D: <- error from previous GL command
[0524/120017:ERROR:texture_manager.cc(1995)] [GroupMarkerNotSet(crbug.com/242999)!:B88F560F00000000]GL ERROR :GL_INVALID_ENUM : glTexImage2D: <- error from previous GL command
[0524/154428:ERROR:texture_manager.cc(1995)] [GroupMarkerNotSet(crbug.com/242999)!:78B5280900000000]GL ERROR :GL_INVALID_ENUM : glTexImage2D: <- error from previous GL command
